<?xml version="1.0" encoding="UTF-8"?>
<!-- Generated by org.testng.reporters.JUnitXMLReporter -->
<testsuite hostname="6CBKYX1" ignored="0" name="Default test" tests="9" failures="0" timestamp="06 Sep 2017 07:06:50 GMT" time="355.529" errors="0">
  <testcase name="orgcapa" time="0.917" classname="sel.trn.pyd.PyramidCoreFrame"/>
  <testcase name="feedback" time="0.223" classname="sel.trn.pyd.PyramidCoreFrame"/>
  <testcase name="topframe" time="0.113" classname="sel.trn.pyd.PyramidCoreFrame"/>
  <testcase name="timesheet" time="2.861" classname="sel.trn.pyd.PyramidCoreFrame"/>
  <testcase name="referral" time="1.576" classname="sel.trn.pyd.PyramidCoreFrame"/>
  <testcase name="travel" time="2.173" classname="sel.trn.pyd.PyramidCoreFrame"/>
  <testcase name="masterproject" time="14.794" classname="sel.trn.pyd.PyramidCoreFrame"/>
  <testcase name="leftframe" time="0.308" classname="sel.trn.pyd.PyramidCoreFrame"/>
  <testcase name="mainframe" time="2.61" classname="sel.trn.pyd.PyramidCoreFrame"/>
</testsuite> <!-- Default test -->
